Using pre-set license
Built from '2021.3/staging' branch; Version is '2021.3.5f1 (40eb3a945986) revision 4254522'; Using compiler version '192829333'; Build Type 'Release'
OS: 'Windows 11  (10.0.22621) 64bit Professional' Language: 'zh' Physical Memory: 16095 MB
BatchMode: 1, IsHumanControllingUs: 0, StartBugReporterOnCrash: 0, Is64bit: 1, IsPro: 1

COMMAND LINE ARGUMENTS:
C:\Program Files\Unity 2021.3.5f1\Editor\Unity.exe
-adb2
-batchMode
-noUpm
-name
AssetImportWorker1
-projectPath
G:/git_files/Unity3D-Mario-Kart-Racing-Game/3D Mario Kart
-logFile
Logs/AssetImportWorker1.log
-srvPort
6237
Successfully changed project path to: G:/git_files/Unity3D-Mario-Kart-Racing-Game/3D Mario Kart
G:/git_files/Unity3D-Mario-Kart-Racing-Game/3D Mario Kart
[UnityMemory] Configuration Parameters - Can be set up in boot.config
    "memorysetup-bucket-allocator-granularity=16"
    "memorysetup-bucket-allocator-bucket-count=8"
    "memorysetup-bucket-allocator-block-size=33554432"
    "memorysetup-bucket-allocator-block-count=8"
    "memorysetup-main-allocator-block-size=16777216"
    "memorysetup-thread-allocator-block-size=16777216"
    "memorysetup-gfx-main-allocator-block-size=16777216"
    "memorysetup-gfx-thread-allocator-block-size=16777216"
    "memorysetup-cache-allocator-block-size=4194304"
    "memorysetup-typetree-allocator-block-size=2097152"
    "memorysetup-profiler-bucket-allocator-granularity=16"
    "memorysetup-profiler-bucket-allocator-bucket-count=8"
    "memorysetup-profiler-bucket-allocator-block-size=33554432"
    "memorysetup-profiler-bucket-allocator-block-count=8"
    "memorysetup-profiler-allocator-block-size=16777216"
    "memorysetup-profiler-editor-allocator-block-size=1048576"
    "memorysetup-temp-allocator-size-main=16777216"
    "memorysetup-job-temp-allocator-block-size=2097152"
    "memorysetup-job-temp-allocator-block-size-background=1048576"
    "memorysetup-job-temp-allocator-reduction-small-platforms=262144"
    "memorysetup-temp-allocator-size-background-worker=32768"
    "memorysetup-temp-allocator-size-job-worker=262144"
    "memorysetup-temp-allocator-size-preload-manager=33554432"
    "memorysetup-temp-allocator-size-nav-mesh-worker=65536"
    "memorysetup-temp-allocator-size-audio-worker=65536"
    "memorysetup-temp-allocator-size-cloud-worker=32768"
    "memorysetup-temp-allocator-size-gi-baking-worker=262144"
    "memorysetup-temp-allocator-size-gfx=262144"
Refreshing native plugins compatible for Editor in 121.16 ms, found 2 plugins.
Preloading 0 native plugins for Editor in 0.00 ms.
Initialize engine version: 2021.3.5f1 (40eb3a945986)
[Subsystems] Discovering subsystems at path C:/Program Files/Unity 2021.3.5f1/Editor/Data/Resources/UnitySubsystems
[Subsystems] Discovering subsystems at path G:/git_files/Unity3D-Mario-Kart-Racing-Game/3D Mario Kart/Assets
GfxDevice: creating device client; threaded=0; jobified=0
Direct3D:
    Version:  Direct3D 11.0 [level 11.1]
    Renderer: NVIDIA GeForce RTX 3060 (ID=0x2504)
    Vendor:   NVIDIA
    VRAM:     12129 MB
    Driver:   31.0.15.3713
Initialize mono
Mono path[0] = 'C:/Program Files/Unity 2021.3.5f1/Editor/Data/Managed'
Mono path[1] = 'C:/Program Files/Unity 2021.3.5f1/Editor/Data/MonoBleedingEdge/lib/mono/unityjit-win32'
Mono config path = 'C:/Program Files/Unity 2021.3.5f1/Editor/Data/MonoBleedingEdge/etc'
Using monoOptions --debugger-agent=transport=dt_socket,embedding=1,server=y,suspend=n,address=127.0.0.1:56656
Begin MonoManager ReloadAssembly
Registering precompiled unity dll's ...
Register platform support module: C:/Program Files/Unity 2021.3.5f1/Editor/Data/PlaybackEngines/WindowsStandaloneSupport/UnityEditor.WindowsStandalone.Extensions.dll
Register platform support module: C:/Program Files/Unity 2021.3.5f1/Editor/Data/PlaybackEngines/LinuxStandaloneSupport/UnityEditor.LinuxStandalone.Extensions.dll
Registered in 0.008333 seconds.
Native extension for LinuxStandalone target not found
Native extension for WindowsStandalone target not found
Refreshing native plugins compatible for Editor in 105.48 ms, found 2 plugins.
Preloading 0 native plugins for Editor in 0.00 ms.
Mono: successfully reloaded assembly
- Completed reload, in  0.805 seconds
Domain Reload Profiling:
	ReloadAssembly (806ms)
		BeginReloadAssembly (92ms)
			ExecutionOrderSort (0ms)
			DisableScriptedObjects (0ms)
			BackupInstance (0ms)
			ReleaseScriptingObjects (0ms)
			CreateAndSetChildDomain (1ms)
		EndReloadAssembly (556ms)
			LoadAssemblies (90ms)
			RebuildTransferFunctionScriptingTraits (0ms)
			SetupTypeCache (144ms)
			ReleaseScriptCaches (0ms)
			RebuildScriptCaches (32ms)
			SetupLoadedEditorAssemblies (317ms)
				LogAssemblyErrors (0ms)
				InitializePlatformSupportModulesInManaged (12ms)
				SetLoadedEditorAssemblies (0ms)
				RefreshPlugins (106ms)
				BeforeProcessingInitializeOnLoad (1ms)
				ProcessInitializeOnLoadAttributes (147ms)
				ProcessInitializeOnLoadMethodAttributes (50ms)
				AfterProcessingInitializeOnLoad (0ms)
				EditorAssembliesLoaded (0ms)
			ExecutionOrderSort2 (0ms)
			AwakeInstancesAfterBackupRestoration (0ms)
Platform modules already initialized, skipping
Registering precompiled user dll's ...
Registered in 0.005316 seconds.
Begin MonoManager ReloadAssembly
Native extension for LinuxStandalone target not found
Native extension for WindowsStandalone target not found
Refreshing native plugins compatible for Editor in 96.67 ms, found 2 plugins.
Preloading 0 native plugins for Editor in 0.00 ms.
Package Manager log level set to [2]
Mono: successfully reloaded assembly
- Completed reload, in  1.454 seconds
Domain Reload Profiling:
	ReloadAssembly (1455ms)
		BeginReloadAssembly (152ms)
			ExecutionOrderSort (0ms)
			DisableScriptedObjects (7ms)
			BackupInstance (0ms)
			ReleaseScriptingObjects (0ms)
			CreateAndSetChildDomain (32ms)
		EndReloadAssembly (1141ms)
			LoadAssemblies (117ms)
			RebuildTransferFunctionScriptingTraits (0ms)
			SetupTypeCache (306ms)
			ReleaseScriptCaches (1ms)
			RebuildScriptCaches (96ms)
			SetupLoadedEditorAssemblies (608ms)
				LogAssemblyErrors (0ms)
				InitializePlatformSupportModulesInManaged (6ms)
				SetLoadedEditorAssemblies (0ms)
				RefreshPlugins (97ms)
				BeforeProcessingInitializeOnLoad (87ms)
				ProcessInitializeOnLoadAttributes (245ms)
				ProcessInitializeOnLoadMethodAttributes (164ms)
				AfterProcessingInitializeOnLoad (8ms)
				EditorAssembliesLoaded (0ms)
			ExecutionOrderSort2 (0ms)
			AwakeInstancesAfterBackupRestoration (7ms)
Platform modules already initialized, skipping
========================================================================
Worker process is ready to serve import requests
Launched and connected shader compiler UnityShaderCompiler.exe after 0.05 seconds
Refreshing native plugins compatible for Editor in 1.66 ms, found 2 plugins.
Preloading 0 native plugins for Editor in 0.00 ms.
Unloading 4950 Unused Serialized files (Serialized files now loaded: 0)
Unloading 83 unused Assets / (3.0 MB). Loaded Objects now: 5368.
Memory consumption went from 227.3 MB to 224.3 MB.
Total: 9.442600 ms (FindLiveObjects: 0.437600 ms CreateObjectMapping: 0.416900 ms MarkObjects: 7.229100 ms  DeleteObjects: 1.357500 ms)

AssetImportParameters requested are different than current active one (requested -> active):
  custom:video-decoder-ogg-theora: a1e56fd34408186e4bbccfd4996cb3dc -> 
  custom:container-muxer-webm: aa71ff27fc2769a1b78a27578f13a17b -> 
  custom:container-demuxer-webm: 4f35f7cbe854078d1ac9338744f61a02 -> 
  custom:video-encoder-webm-vp8: eb34c28f22e8b96e1ab97ce403110664 -> 
  custom:video-codec-MediaFoundation-h265: e54d7ab0439102e2317fc1e4b246158d -> 
  custom:audio-encoder-webm-vorbis: bf7c407c2cedff20999df2af8eb42d56 -> 
  custom:framework-win-MediaFoundation: 216162199b28c13a410421893ffa2e32 -> 
  custom:container-demuxer-ogg: 62fdf1f143b41e24485cea50d1cbac27 -> 
  custom:video-decoder-webm-vp8: 9c59270c3fd7afecdb556c50c9e8de78 -> 
  custom:audio-decoder-ogg-vorbis: bf7c407c2cedff20999df2af8eb42d56 -> 
========================================================================
Received Import Request.
  Time since last request: 127362.365800 seconds.
  path: Assets/UniversalRenderPipelineGlobalSettings.asset
  artifactKey: Guid(82c4bdf3a9f071c47ac89fe9bb1a22d5) Importer(815301076,1909f56bfc062723c751e8b465ee728b)
Start importing Assets/UniversalRenderPipelineGlobalSettings.asset using Guid(82c4bdf3a9f071c47ac89fe9bb1a22d5) Importer(815301076,1909f56bfc062723c751e8b465ee728b)  -> (artifact id: '8519fe8cb53335eff741a10d5d570c4e') in 0.048597 seconds 
========================================================================
Received Import Request.
  Time since last request: 260.680367 seconds.
  path: Assets/Models/Rainbow Road N64/RingGround/ef_dashboard02_Alb.png
  artifactKey: Guid(f49c1452a26023f4baa72c3132552b9b) Importer(815301076,1909f56bfc062723c751e8b465ee728b)
Start importing Assets/Models/Rainbow Road N64/RingGround/ef_dashboard02_Alb.png using Guid(f49c1452a26023f4baa72c3132552b9b) Importer(815301076,1909f56bfc062723c751e8b465ee728b)  -> (artifact id: 'f4a0c8f56464f5e90dae521052e88226') in 0.047782 seconds 
========================================================================
Received Import Request.
  Time since last request: 0.034848 seconds.
  path: Assets/Models/Rainbow Road N64/RingGround/N64RAccel_Star_Alb.png
  artifactKey: Guid(15b3f017357d18840bf5aeb2dad821cd) Importer(815301076,1909f56bfc062723c751e8b465ee728b)
Start importing Assets/Models/Rainbow Road N64/RingGround/N64RAccel_Star_Alb.png using Guid(15b3f017357d18840bf5aeb2dad821cd) Importer(815301076,1909f56bfc062723c751e8b465ee728b)  -> (artifact id: '12ef76516427c7eb0fdf452cb6ed6651') in 0.013228 seconds 
========================================================================
Received Import Request.
  Time since last request: 0.000023 seconds.
  path: Assets/Models/Rainbow Road N64/RingGround/N64RAccelRing_Nrm.png
  artifactKey: Guid(587e57379a1dac04999d5924d10e9541) Importer(815301076,1909f56bfc062723c751e8b465ee728b)
Start importing Assets/Models/Rainbow Road N64/RingGround/N64RAccelRing_Nrm.png using Guid(587e57379a1dac04999d5924d10e9541) Importer(815301076,1909f56bfc062723c751e8b465ee728b)  -> (artifact id: 'a2c3a1e2d718b44482f30b86e4308eca') in 0.035385 seconds 
========================================================================
Received Import Request.
  Time since last request: 0.000028 seconds.
  path: Assets/Models/Rainbow Road N64/RingGround/N64RAccelRingBase.dae
  artifactKey: Guid(cac64d6513886a24da336c3a0236b72f) Importer(815301076,1909f56bfc062723c751e8b465ee728b)
Start importing Assets/Models/Rainbow Road N64/RingGround/N64RAccelRingBase.dae using Guid(cac64d6513886a24da336c3a0236b72f) Importer(815301076,1909f56bfc062723c751e8b465ee728b)  -> (artifact id: 'bdb81b503e6810b63990ae23b018c9de') in 2.427252 seconds 
========================================================================
Received Import Request.
  Time since last request: 0.000041 seconds.
  path: Assets/Models/Rainbow Road N64/RingGround/New Material 2.mat
  artifactKey: Guid(2734351d39597cf4a910860681d640bb) Importer(815301076,1909f56bfc062723c751e8b465ee728b)
Start importing Assets/Models/Rainbow Road N64/RingGround/New Material 2.mat using Guid(2734351d39597cf4a910860681d640bb) Importer(815301076,1909f56bfc062723c751e8b465ee728b)  -> (artifact id: '1adfcf227c7a225f2c94c6b25254dffa') in 1.820671 seconds 
========================================================================
Received Import Request.
  Time since last request: 0.000039 seconds.
  path: Assets/Models/Rainbow Road N64/RingGround/ef_dashboard_Nrm.png
  artifactKey: Guid(fae56aa27457c084fb0f9098fed0ae21) Importer(815301076,1909f56bfc062723c751e8b465ee728b)
Start importing Assets/Models/Rainbow Road N64/RingGround/ef_dashboard_Nrm.png using Guid(fae56aa27457c084fb0f9098fed0ae21) Importer(815301076,1909f56bfc062723c751e8b465ee728b)  -> (artifact id: '9d9aacde9f70df1c4d32fb18c8374eef') in 0.019602 seconds 
========================================================================
Received Import Request.
  Time since last request: 0.000034 seconds.
  path: Assets/Models/Rainbow Road N64/RingGround/N64RAccel_Star2_Alb.png
  artifactKey: Guid(b4cf29a87ca69084eb9c5a181d576bfe) Importer(815301076,1909f56bfc062723c751e8b465ee728b)
Start importing Assets/Models/Rainbow Road N64/RingGround/N64RAccel_Star2_Alb.png using Guid(b4cf29a87ca69084eb9c5a181d576bfe) Importer(815301076,1909f56bfc062723c751e8b465ee728b)  -> (artifact id: '49b8393668097a867f1f75bdd086cac0') in 0.021418 seconds 
========================================================================
Received Import Request.
  Time since last request: 0.000035 seconds.
  path: Assets/Models/Rainbow Road N64/RingGround/Star D.mat
  artifactKey: Guid(35e3a1cd0bd252b4eb82dc421210bbfe) Importer(815301076,1909f56bfc062723c751e8b465ee728b)
Start importing Assets/Models/Rainbow Road N64/RingGround/Star D.mat using Guid(35e3a1cd0bd252b4eb82dc421210bbfe) Importer(815301076,1909f56bfc062723c751e8b465ee728b)  -> (artifact id: '5fb36a2dafc9bec6ce4e24f35079716a') in 2.558992 seconds 
Editor requested this worker to shutdown with reason: Scaling down because of idle timeout
AssetImportWorker is now disconnected from the server
Process exiting
Exiting without the bug reporter. Application will terminate with return code 0