Using pre-set license
Built from '2021.3/staging' branch; Version is '2021.3.5f1 (40eb3a945986) revision 4254522'; Using compiler version '192829333'; Build Type 'Release'
OS: 'Windows 11  (10.0.22621) 64bit Professional' Language: 'zh' Physical Memory: 16095 MB
BatchMode: 1, IsHumanControllingUs: 0, StartBugReporterOnCrash: 0, Is64bit: 1, IsPro: 1

COMMAND LINE ARGUMENTS:
C:\Program Files\Unity 2021.3.5f1\Editor\Unity.exe
-adb2
-batchMode
-noUpm
-name
AssetImportWorker0
-projectPath
G:/git_files/Unity3D-Mario-Kart-Racing-Game/3D Mario Kart
-logFile
Logs/AssetImportWorker0.log
-srvPort
6237
Successfully changed project path to: G:/git_files/Unity3D-Mario-Kart-Racing-Game/3D Mario Kart
G:/git_files/Unity3D-Mario-Kart-Racing-Game/3D Mario Kart
[UnityMemory] Configuration Parameters - Can be set up in boot.config
    "memorysetup-bucket-allocator-granularity=16"
    "memorysetup-bucket-allocator-bucket-count=8"
    "memorysetup-bucket-allocator-block-size=33554432"
    "memorysetup-bucket-allocator-block-count=8"
    "memorysetup-main-allocator-block-size=16777216"
    "memorysetup-thread-allocator-block-size=16777216"
    "memorysetup-gfx-main-allocator-block-size=16777216"
    "memorysetup-gfx-thread-allocator-block-size=16777216"
    "memorysetup-cache-allocator-block-size=4194304"
    "memorysetup-typetree-allocator-block-size=2097152"
    "memorysetup-profiler-bucket-allocator-granularity=16"
    "memorysetup-profiler-bucket-allocator-bucket-count=8"
    "memorysetup-profiler-bucket-allocator-block-size=33554432"
    "memorysetup-profiler-bucket-allocator-block-count=8"
    "memorysetup-profiler-allocator-block-size=16777216"
    "memorysetup-profiler-editor-allocator-block-size=1048576"
    "memorysetup-temp-allocator-size-main=16777216"
    "memorysetup-job-temp-allocator-block-size=2097152"
    "memorysetup-job-temp-allocator-block-size-background=1048576"
    "memorysetup-job-temp-allocator-reduction-small-platforms=262144"
    "memorysetup-temp-allocator-size-background-worker=32768"
    "memorysetup-temp-allocator-size-job-worker=262144"
    "memorysetup-temp-allocator-size-preload-manager=33554432"
    "memorysetup-temp-allocator-size-nav-mesh-worker=65536"
    "memorysetup-temp-allocator-size-audio-worker=65536"
    "memorysetup-temp-allocator-size-cloud-worker=32768"
    "memorysetup-temp-allocator-size-gi-baking-worker=262144"
    "memorysetup-temp-allocator-size-gfx=262144"
Refreshing native plugins compatible for Editor in 112.60 ms, found 2 plugins.
Preloading 0 native plugins for Editor in 0.00 ms.
Initialize engine version: 2021.3.5f1 (40eb3a945986)
[Subsystems] Discovering subsystems at path C:/Program Files/Unity 2021.3.5f1/Editor/Data/Resources/UnitySubsystems
[Subsystems] Discovering subsystems at path G:/git_files/Unity3D-Mario-Kart-Racing-Game/3D Mario Kart/Assets
GfxDevice: creating device client; threaded=0; jobified=0
Direct3D:
    Version:  Direct3D 11.0 [level 11.1]
    Renderer: NVIDIA GeForce RTX 3060 (ID=0x2504)
    Vendor:   NVIDIA
    VRAM:     12129 MB
    Driver:   31.0.15.3713
Initialize mono
Mono path[0] = 'C:/Program Files/Unity 2021.3.5f1/Editor/Data/Managed'
Mono path[1] = 'C:/Program Files/Unity 2021.3.5f1/Editor/Data/MonoBleedingEdge/lib/mono/unityjit-win32'
Mono config path = 'C:/Program Files/Unity 2021.3.5f1/Editor/Data/MonoBleedingEdge/etc'
Using monoOptions --debugger-agent=transport=dt_socket,embedding=1,server=y,suspend=n,address=127.0.0.1:56460
Begin MonoManager ReloadAssembly
Registering precompiled unity dll's ...
Register platform support module: C:/Program Files/Unity 2021.3.5f1/Editor/Data/PlaybackEngines/WindowsStandaloneSupport/UnityEditor.WindowsStandalone.Extensions.dll
Register platform support module: C:/Program Files/Unity 2021.3.5f1/Editor/Data/PlaybackEngines/LinuxStandaloneSupport/UnityEditor.LinuxStandalone.Extensions.dll
Registered in 0.005609 seconds.
Native extension for LinuxStandalone target not found
Native extension for WindowsStandalone target not found
Refreshing native plugins compatible for Editor in 103.92 ms, found 2 plugins.
Preloading 0 native plugins for Editor in 0.00 ms.
Mono: successfully reloaded assembly
- Completed reload, in  0.823 seconds
Domain Reload Profiling:
	ReloadAssembly (824ms)
		BeginReloadAssembly (105ms)
			ExecutionOrderSort (0ms)
			DisableScriptedObjects (0ms)
			BackupInstance (0ms)
			ReleaseScriptingObjects (0ms)
			CreateAndSetChildDomain (1ms)
		EndReloadAssembly (563ms)
			LoadAssemblies (101ms)
			RebuildTransferFunctionScriptingTraits (0ms)
			SetupTypeCache (159ms)
			ReleaseScriptCaches (0ms)
			RebuildScriptCaches (30ms)
			SetupLoadedEditorAssemblies (314ms)
				LogAssemblyErrors (0ms)
				InitializePlatformSupportModulesInManaged (10ms)
				SetLoadedEditorAssemblies (0ms)
				RefreshPlugins (104ms)
				BeforeProcessingInitializeOnLoad (1ms)
				ProcessInitializeOnLoadAttributes (144ms)
				ProcessInitializeOnLoadMethodAttributes (53ms)
				AfterProcessingInitializeOnLoad (0ms)
				EditorAssembliesLoaded (0ms)
			ExecutionOrderSort2 (0ms)
			AwakeInstancesAfterBackupRestoration (0ms)
Platform modules already initialized, skipping
Registering precompiled user dll's ...
Registered in 0.006432 seconds.
Begin MonoManager ReloadAssembly
Native extension for LinuxStandalone target not found
Native extension for WindowsStandalone target not found
Refreshing native plugins compatible for Editor in 94.92 ms, found 2 plugins.
Preloading 0 native plugins for Editor in 0.00 ms.
Package Manager log level set to [2]
Mono: successfully reloaded assembly
- Completed reload, in  1.483 seconds
Domain Reload Profiling:
	ReloadAssembly (1484ms)
		BeginReloadAssembly (150ms)
			ExecutionOrderSort (0ms)
			DisableScriptedObjects (6ms)
			BackupInstance (0ms)
			ReleaseScriptingObjects (0ms)
			CreateAndSetChildDomain (24ms)
		EndReloadAssembly (1182ms)
			LoadAssemblies (137ms)
			RebuildTransferFunctionScriptingTraits (0ms)
			SetupTypeCache (309ms)
			ReleaseScriptCaches (1ms)
			RebuildScriptCaches (92ms)
			SetupLoadedEditorAssemblies (631ms)
				LogAssemblyErrors (0ms)
				InitializePlatformSupportModulesInManaged (6ms)
				SetLoadedEditorAssemblies (0ms)
				RefreshPlugins (95ms)
				BeforeProcessingInitializeOnLoad (110ms)
				ProcessInitializeOnLoadAttributes (243ms)
				ProcessInitializeOnLoadMethodAttributes (168ms)
				AfterProcessingInitializeOnLoad (8ms)
				EditorAssembliesLoaded (0ms)
			ExecutionOrderSort2 (0ms)
			AwakeInstancesAfterBackupRestoration (7ms)
Platform modules already initialized, skipping
========================================================================
Worker process is ready to serve import requests
Launched and connected shader compiler UnityShaderCompiler.exe after 0.07 seconds
Refreshing native plugins compatible for Editor in 1.50 ms, found 2 plugins.
Preloading 0 native plugins for Editor in 0.00 ms.
Unloading 4950 Unused Serialized files (Serialized files now loaded: 0)
Unloading 83 unused Assets / (3.0 MB). Loaded Objects now: 5368.
Memory consumption went from 227.3 MB to 224.3 MB.
Total: 7.011300 ms (FindLiveObjects: 0.405400 ms CreateObjectMapping: 0.381100 ms MarkObjects: 5.440100 ms  DeleteObjects: 0.783800 ms)

AssetImportParameters requested are different than current active one (requested -> active):
  custom:video-decoder-ogg-theora: a1e56fd34408186e4bbccfd4996cb3dc -> 
  custom:container-muxer-webm: aa71ff27fc2769a1b78a27578f13a17b -> 
  custom:container-demuxer-webm: 4f35f7cbe854078d1ac9338744f61a02 -> 
  custom:video-encoder-webm-vp8: eb34c28f22e8b96e1ab97ce403110664 -> 
  custom:video-codec-MediaFoundation-h265: e54d7ab0439102e2317fc1e4b246158d -> 
  custom:audio-encoder-webm-vorbis: bf7c407c2cedff20999df2af8eb42d56 -> 
  custom:framework-win-MediaFoundation: 216162199b28c13a410421893ffa2e32 -> 
  custom:container-demuxer-ogg: 62fdf1f143b41e24485cea50d1cbac27 -> 
  custom:video-decoder-webm-vp8: 9c59270c3fd7afecdb556c50c9e8de78 -> 
  custom:audio-decoder-ogg-vorbis: bf7c407c2cedff20999df2af8eb42d56 -> 
========================================================================
Received Import Request.
  Time since last request: 127362.348586 seconds.
  path: Assets/ForwardRenderer.asset
  artifactKey: Guid(77433ca9c24caff46be399dc7b0c2e73) Importer(815301076,1909f56bfc062723c751e8b465ee728b)
Start importing Assets/ForwardRenderer.asset using Guid(77433ca9c24caff46be399dc7b0c2e73) Importer(815301076,1909f56bfc062723c751e8b465ee728b)  -> (artifact id: '79cf340aaa4b836df46624e1646bfbbc') in 0.054614 seconds 
========================================================================
Received Import Request.
  Time since last request: 244.878735 seconds.
  path: Assets/Scenes/MooMooMeadows.unity
  artifactKey: Guid(ca649371757997541b74e958de65d097) Importer(815301076,1909f56bfc062723c751e8b465ee728b)
Start importing Assets/Scenes/MooMooMeadows.unity using Guid(ca649371757997541b74e958de65d097) Importer(815301076,1909f56bfc062723c751e8b465ee728b)  -> (artifact id: '5c5708f9e7f7dfe54ffd1d6728a20f1e') in 0.001551 seconds 
========================================================================
Received Import Request.
  Time since last request: 10.920252 seconds.
  path: Assets/Models/UtilityFunctionObject.prefab
  artifactKey: Guid(00829f29ad2848243b428f25b9f26902) Importer(815301076,1909f56bfc062723c751e8b465ee728b)
Start importing Assets/Models/UtilityFunctionObject.prefab using Guid(00829f29ad2848243b428f25b9f26902) Importer(815301076,1909f56bfc062723c751e8b465ee728b)  -> (artifact id: '31a6174eea36c15bf1d938bacc92cd0c') in 0.027907 seconds 
========================================================================
Received Import Request.
  Time since last request: 3.293418 seconds.
  path: Assets/Models/Rainbow Road N64
  artifactKey: Guid(8bb600b21934f6a4cbbe87e8bd8fdff9) Importer(815301076,1909f56bfc062723c751e8b465ee728b)
Start importing Assets/Models/Rainbow Road N64 using Guid(8bb600b21934f6a4cbbe87e8bd8fdff9) Importer(815301076,1909f56bfc062723c751e8b465ee728b)  -> (artifact id: '29cc1945b38280df2a2a213268882403') in 0.002006 seconds 
========================================================================
Received Import Request.
  Time since last request: 0.047972 seconds.
  path: Assets/Models/Rainbow Road N64/Light.mat
  artifactKey: Guid(c7f0394b82cb78140ae33db49d11434d) Importer(815301076,1909f56bfc062723c751e8b465ee728b)
Start importing Assets/Models/Rainbow Road N64/Light.mat using Guid(c7f0394b82cb78140ae33db49d11434d) Importer(815301076,1909f56bfc062723c751e8b465ee728b)  -> (artifact id: '7076123158bfd24aed1a3b70c5bc8df6') in 0.292348 seconds 
========================================================================
Received Import Request.
  Time since last request: 1.142435 seconds.
  path: Assets/Models/Rainbow Road N64/RingGround
  artifactKey: Guid(9e3d6f76c3ef73c4ea95131892c51314) Importer(815301076,1909f56bfc062723c751e8b465ee728b)
Start importing Assets/Models/Rainbow Road N64/RingGround using Guid(9e3d6f76c3ef73c4ea95131892c51314) Importer(815301076,1909f56bfc062723c751e8b465ee728b)  -> (artifact id: '7a8471267d58926e3af7fd0f3485cda7') in 0.001254 seconds 
========================================================================
Received Import Request.
  Time since last request: 0.033240 seconds.
  path: Assets/Models/Rainbow Road N64/RingGround/ef_dashboard01_Alb.png
  artifactKey: Guid(05928a9f0a2ce334daba2e212ea103f7) Importer(815301076,1909f56bfc062723c751e8b465ee728b)
Start importing Assets/Models/Rainbow Road N64/RingGround/ef_dashboard01_Alb.png using Guid(05928a9f0a2ce334daba2e212ea103f7) Importer(815301076,1909f56bfc062723c751e8b465ee728b)  -> (artifact id: 'd7810dd7cac5ec559293423ee532206d') in 0.029051 seconds 
========================================================================
Received Import Request.
  Time since last request: 0.009396 seconds.
  path: Assets/Models/Rainbow Road N64/RingGround/N64RAccel_Ring_Alb.png
  artifactKey: Guid(a426960fbffdd41408c883870303d613) Importer(815301076,1909f56bfc062723c751e8b465ee728b)
Start importing Assets/Models/Rainbow Road N64/RingGround/N64RAccel_Ring_Alb.png using Guid(a426960fbffdd41408c883870303d613) Importer(815301076,1909f56bfc062723c751e8b465ee728b)  -> (artifact id: 'a915721d0ee5385a9a1c3b6475c4a339') in 0.015844 seconds 
========================================================================
Received Import Request.
  Time since last request: 0.018429 seconds.
  path: Assets/Models/Rainbow Road N64/RingGround/N64RAccelRing_Alb.png
  artifactKey: Guid(ef747e604e2007b4281ea4a6958f7ec2) Importer(815301076,1909f56bfc062723c751e8b465ee728b)
Start importing Assets/Models/Rainbow Road N64/RingGround/N64RAccelRing_Alb.png using Guid(ef747e604e2007b4281ea4a6958f7ec2) Importer(815301076,1909f56bfc062723c751e8b465ee728b)  -> (artifact id: '0b25689511dd8ff204b370cab4597a53') in 0.012021 seconds 
========================================================================
Received Import Request.
  Time since last request: 0.000041 seconds.
  path: Assets/Models/Rainbow Road N64/RingGround/Star E.mat
  artifactKey: Guid(ca626ba79b2783d4c95309c4efba3bc7) Importer(815301076,1909f56bfc062723c751e8b465ee728b)
Start importing Assets/Models/Rainbow Road N64/RingGround/Star E.mat using Guid(ca626ba79b2783d4c95309c4efba3bc7) Importer(815301076,1909f56bfc062723c751e8b465ee728b)  -> (artifact id: '9dfaa341e5196982e493c30e00a3425d') in 2.046495 seconds 
========================================================================
Received Import Request.
  Time since last request: 0.000056 seconds.
  path: Assets/Models/Rainbow Road N64/RingGround/N64RAccelRing_Emm.png
  artifactKey: Guid(e2d7544115de78f4881e418018a5b7d9) Importer(815301076,1909f56bfc062723c751e8b465ee728b)
Start importing Assets/Models/Rainbow Road N64/RingGround/N64RAccelRing_Emm.png using Guid(e2d7544115de78f4881e418018a5b7d9) Importer(815301076,1909f56bfc062723c751e8b465ee728b)  -> (artifact id: '3eadadd34de5e734121ee509bdc81153') in 0.016975 seconds 
========================================================================
Received Import Request.
  Time since last request: 0.000053 seconds.
  path: Assets/Models/Rainbow Road N64/RingGround/Star C.mat
  artifactKey: Guid(d031e3e536db44b4c98d8394acabd5e6) Importer(815301076,1909f56bfc062723c751e8b465ee728b)
Start importing Assets/Models/Rainbow Road N64/RingGround/Star C.mat using Guid(d031e3e536db44b4c98d8394acabd5e6) Importer(815301076,1909f56bfc062723c751e8b465ee728b)  -> (artifact id: '81c78d23c82abb17bb7b47c92dbfd403') in 0.013783 seconds 
========================================================================
Received Import Request.
  Time since last request: 0.000031 seconds.
  path: Assets/Models/Rainbow Road N64/RingGround/New Material 1.mat
  artifactKey: Guid(dc6ab8a699961c442bc0935d500efd73) Importer(815301076,1909f56bfc062723c751e8b465ee728b)
Start importing Assets/Models/Rainbow Road N64/RingGround/New Material 1.mat using Guid(dc6ab8a699961c442bc0935d500efd73) Importer(815301076,1909f56bfc062723c751e8b465ee728b)  -> (artifact id: 'ccb672ca7918ae8a4163961c75c79be2') in 1.783721 seconds 
========================================================================
Received Import Request.
  Time since last request: 0.000070 seconds.
  path: Assets/Models/Rainbow Road N64/RingGround/Star A.mat
  artifactKey: Guid(b7e30a8e86a17c543bc46fc49521fb1d) Importer(815301076,1909f56bfc062723c751e8b465ee728b)
Start importing Assets/Models/Rainbow Road N64/RingGround/Star A.mat using Guid(b7e30a8e86a17c543bc46fc49521fb1d) Importer(815301076,1909f56bfc062723c751e8b465ee728b)  -> (artifact id: '0e823435686fc8d9e6d731e362804130') in 2.053087 seconds 
========================================================================
Received Import Request.
  Time since last request: 0.000075 seconds.
  path: Assets/Models/Rainbow Road N64/RingGround/New Material.mat
  artifactKey: Guid(2265d59c8deec2649b9966fc1e144314) Importer(815301076,1909f56bfc062723c751e8b465ee728b)
Start importing Assets/Models/Rainbow Road N64/RingGround/New Material.mat using Guid(2265d59c8deec2649b9966fc1e144314) Importer(815301076,1909f56bfc062723c751e8b465ee728b)  -> (artifact id: '96115a02f78d240bf59b12ad5154da13') in 2.213371 seconds 
========================================================================
Received Import Request.
  Time since last request: 63.725102 seconds.
  path: Assets/Models/TireSTD/DarkTire.png
  artifactKey: Guid(98af30005f1fa794687bc681496da726) Importer(815301076,1909f56bfc062723c751e8b465ee728b)
Start importing Assets/Models/TireSTD/DarkTire.png using Guid(98af30005f1fa794687bc681496da726) Importer(815301076,1909f56bfc062723c751e8b465ee728b)  -> (artifact id: '072f39e855964b82c88d696081b8b140') in 0.015986 seconds 
========================================================================
Received Import Request.
  Time since last request: 0.097938 seconds.
  path: Assets/Models/TireSTD/spm.PNG
  artifactKey: Guid(298d4acc2840d48498b56b3ef981e709) Importer(815301076,1909f56bfc062723c751e8b465ee728b)
Start importing Assets/Models/TireSTD/spm.PNG using Guid(298d4acc2840d48498b56b3ef981e709) Importer(815301076,1909f56bfc062723c751e8b465ee728b)  -> (artifact id: '67fc2c2bc974752967de293b621a44be') in 0.013969 seconds 
========================================================================
Received Import Request.
  Time since last request: 0.000039 seconds.
  path: Assets/Models/TireSTD/TireSTD 1.mat
  artifactKey: Guid(ef9cb09d29edf614bb27d7bbf0fb3379) Importer(815301076,1909f56bfc062723c751e8b465ee728b)
Start importing Assets/Models/TireSTD/TireSTD 1.mat using Guid(ef9cb09d29edf614bb27d7bbf0fb3379) Importer(815301076,1909f56bfc062723c751e8b465ee728b)  -> (artifact id: 'b8b89a133f7b647c2db1c8afe3ea2ce5') in 2.856229 seconds 
========================================================================
Received Import Request.
  Time since last request: 0.000041 seconds.
  path: Assets/Models/TireSTD/tirenrm.dds
  artifactKey: Guid(aabd6e2d67b692a499988f4ff1893b6c) Importer(815301076,1909f56bfc062723c751e8b465ee728b)
Start importing Assets/Models/TireSTD/tirenrm.dds using Guid(aabd6e2d67b692a499988f4ff1893b6c) Importer(815301076,1909f56bfc062723c751e8b465ee728b)  -> (artifact id: 'a02d95b173c24e7b844c814752782df7') in 0.006115 seconds 
========================================================================
Received Import Request.
  Time since last request: 0.000042 seconds.
  path: Assets/Models/TireSTD/tirespm.dds
  artifactKey: Guid(e2a97c058485de342b4c296d482e9923) Importer(815301076,1909f56bfc062723c751e8b465ee728b)
Start importing Assets/Models/TireSTD/tirespm.dds using Guid(e2a97c058485de342b4c296d482e9923) Importer(815301076,1909f56bfc062723c751e8b465ee728b)  -> (artifact id: '9ca11d7e50b04f25ca3a9b1085d4f4f1') in 0.011279 seconds 
Editor requested this worker to shutdown with reason: Scaling down because of idle timeout
AssetImportWorker is now disconnected from the server
Process exiting
Exiting without the bug reporter. Application will terminate with return code 0